DEPRECATION WARNING: Use toplevel init.rb; rails/init.rb is deprecated: /home/satish/rlingcms/gitcode/rling/vendor/plugins/paperclip/rails/init.rb. (called from <top (required)> at /home/satish/rlingcms/gitcode/rling/config/environment.rb:5)
  [1m[36mSQL (0.7ms)[0m  [1mSHOW TABLES[0m
  [1m[35mSQL (0.8ms)[0m  SHOW TABLES
  [1m[36mSQL (23.1ms)[0m  [1mSELECT `schema_migrations`.`version` FROM `schema_migrations`[0m
Migrating to CreateMenusets (20110310053107)
Migrating to CreateMenus (20110310053117)
Migrating to CreateSettings (20110310053133)
Migrating to CreateRoles (20110310053149)
Migrating to CreateUsers (20110310053207)
Migrating to CreateUserDetailSettings (20110310053223)
Migrating to CreateUserDetails (20110310053233)
Migrating to CreatePages (20110310053303)
Migrating to CreatePageVariableSettings (20110310053316)
Migrating to CreatePageVariables (20110310053324)
Migrating to AddSessionsTable (20110315144448)
Migrating to CreatePagelets (20110322121125)
Migrating to CreateAssets (20110322141816)
Migrating to DropObjectFormsAndPageType (20110323132507)
Migrating to AddEmailToPage (20110323132948)
Migrating to CreateMailers (20110324112208)
Migrating to CreateFormComponents (20110324120934)
Migrating to CreateFormData (20110325083934)
Migrating to AddComponentDisplayNameToFormComponent (20110328063256)
Migrating to CreateFormSubmissions (20110328064252)
Migrating to RemoveSubmissionFormIdFromFormData (20110328071633)
Migrating to AddFormSubmissionIdToFormData (20110328071722)
Migrating to CreateObjectModels (20110328073915)
Migrating to CreateModelComponents (20110328083620)
Migrating to CreateModelSubmissions (20110328092413)
Migrating to CreateModelData (20110328094304)
Migrating to DeleteSubmissionFormsTable (20110328131027)
Migrating to CreatePermissions (20110329075031)
Migrating to RemoveAttributesFromPermissions (20110330053838)
Migrating to CreatePermissionRoles (20110330060846)
Migrating to AddViewTypeToPage (20110405100304)
Migrating to AddViewForToPage (20110405101725)
Migrating to CreateViewComponents (20110405104514)
Migrating to AddUserstampsToModelSubmissions (20110405150335)
Migrating to AddUserstampsToPages (20110406111545)
Migrating to AddPositionToFormComponent (20110407052152)
Migrating to AddPositionToModelComponent (20110407052213)
Migrating to AddPositionToViewComponent (20110407052231)
Migrating to AddPositionToUserDetailSetting (20110407134119)
Migrating to AddAllowCreateOnPermissionToPages (20110407141454)
Migrating to CreateCkeditorAssets (20110409103039)
Migrating to AddDisplayNameToViewComponent (20110409103040)
Migrating to AddObjectFormIdToMailers (20110409103041)
Migrating to AddCommentComponentIdToObjectModel (20110411115627)
Migrating to AddAllowCommentsToObjectModel (20110411115931)
Migrating to AddIsCommentRecursiveToObjectModel (20110411120159)
Migrating to CreateCommentComponents (20110411121932)
Migrating to CreateCommentSubmissions (20110411130753)
Migrating to CreateCommentData (20110411131127)
Migrating to AddEmailOnCommentToObjectModel (20110412051012)
Migrating to AddLevelToCommentSubmission (20110412061323)
Migrating to AddLayoutToPages (20110413125009)
Migrating to AddLayoutToObjectModels (20110413125424)
Migrating to AddObjectModelIdToMailer (20110414074048)
Migrating to AddStatusToPage (20110415055851)
Migrating to CreateCategorysets (20110415071532)
Migrating to CreateCategories (20110415071942)
Migrating to AddStatusToModelSubmission (20110415082539)
Migrating to AddCategorysetIdToObjectModel (20110415104331)
Migrating to CreateCategorizations (20110415122005)
Migrating to CreateViewConditions (20110419055045)
Migrating to CreateViewOrders (20110419064739)
Migrating to AddUserStampsToModelData (20110420072124)
Migrating to AddDefaultSortOrderToPage (20110420091925)
Migrating to AddDefaultSortOrderValueToPage (20110420092015)
Migrating to AddLimitToPage (20110420092056)
Migrating to AddAssociatedViewToPages (20110420151009)
Migrating to AddDisplayNameToUserDetailSetting (20110421065535)
Migrating to AddPerPageToPage (20110427063643)
Migrating to RemoveCommentComponentIdFromObjectModel (20110427114746)
Migrating to AddAllowShowOnHomepageAndAllowDraftsToObjectModel (20110502144116)
  [1m[35mSQL (0.8ms)[0m  SHOW TABLES
  [1m[36mSQL (0.1ms)[0m  [1mSELECT `schema_migrations`.`version` FROM `schema_migrations`[0m
  [1m[35mSQL (0.6ms)[0m  SHOW TABLES
  [1m[36mSQL (0.6ms)[0m  [1mdescribe `assets`[0m
  [1m[35mSQL (0.2ms)[0m  SHOW KEYS FROM `assets`
  [1m[36mSQL (0.7ms)[0m  [1mdescribe `categories`[0m
  [1m[35mSQL (0.2ms)[0m  SHOW KEYS FROM `categories`
  [1m[36mSQL (0.5ms)[0m  [1mdescribe `categorizations`[0m
  [1m[35mSQL (0.6ms)[0m  SHOW KEYS FROM `categorizations`
  [1m[36mSQL (0.6ms)[0m  [1mdescribe `categorysets`[0m
  [1m[35mSQL (0.2ms)[0m  SHOW KEYS FROM `categorysets`
  [1m[36mSQL (0.6ms)[0m  [1mdescribe `ckeditor_assets`[0m
  [1m[35mSQL (0.3ms)[0m  SHOW KEYS FROM `ckeditor_assets`
  [1m[36mSQL (0.6ms)[0m  [1mdescribe `comment_components`[0m
  [1m[35mSQL (0.2ms)[0m  SHOW KEYS FROM `comment_components`
  [1m[36mSQL (0.5ms)[0m  [1mdescribe `comment_data`[0m
  [1m[35mSQL (0.2ms)[0m  SHOW KEYS FROM `comment_data`
  [1m[36mSQL (0.6ms)[0m  [1mdescribe `comment_submissions`[0m
  [1m[35mSQL (0.2ms)[0m  SHOW KEYS FROM `comment_submissions`
  [1m[36mSQL (0.8ms)[0m  [1mdescribe `form_components`[0m
  [1m[35mSQL (0.3ms)[0m  SHOW KEYS FROM `form_components`
  [1m[36mSQL (0.6ms)[0m  [1mdescribe `form_data`[0m
  [1m[35mSQL (0.2ms)[0m  SHOW KEYS FROM `form_data`
  [1m[36mSQL (0.5ms)[0m  [1mdescribe `form_submissions`[0m
  [1m[35mSQL (0.2ms)[0m  SHOW KEYS FROM `form_submissions`
  [1m[36mSQL (0.8ms)[0m  [1mdescribe `mailers`[0m
  [1m[35mSQL (0.3ms)[0m  SHOW KEYS FROM `mailers`
  [1m[36mSQL (0.9ms)[0m  [1mdescribe `menus`[0m
  [1m[35mSQL (0.3ms)[0m  SHOW KEYS FROM `menus`
  [1m[36mSQL (0.5ms)[0m  [1mdescribe `menusets`[0m
  [1m[35mSQL (0.2ms)[0m  SHOW KEYS FROM `menusets`
  [1m[36mSQL (0.8ms)[0m  [1mdescribe `model_components`[0m
  [1m[35mSQL (0.3ms)[0m  SHOW KEYS FROM `model_components`
  [1m[36mSQL (0.8ms)[0m  [1mdescribe `model_data`[0m
  [1m[35mSQL (0.3ms)[0m  SHOW KEYS FROM `model_data`
  [1m[36mSQL (0.9ms)[0m  [1mdescribe `model_submissions`[0m
  [1m[35mSQL (0.2ms)[0m  SHOW KEYS FROM `model_submissions`
  [1m[36mSQL (0.6ms)[0m  [1mdescribe `object_models`[0m
  [1m[35mSQL (0.2ms)[0m  SHOW KEYS FROM `object_models`
  [1m[36mSQL (0.5ms)[0m  [1mdescribe `page_variable_settings`[0m
  [1m[35mSQL (0.2ms)[0m  SHOW KEYS FROM `page_variable_settings`
  [1m[36mSQL (0.5ms)[0m  [1mdescribe `page_variables`[0m
  [1m[35mSQL (0.2ms)[0m  SHOW KEYS FROM `page_variables`
  [1m[36mSQL (0.4ms)[0m  [1mdescribe `pagelets`[0m
  [1m[35mSQL (0.2ms)[0m  SHOW KEYS FROM `pagelets`
  [1m[36mSQL (1.1ms)[0m  [1mdescribe `pages`[0m
  [1m[35mSQL (0.3ms)[0m  SHOW KEYS FROM `pages`
  [1m[36mSQL (0.6ms)[0m  [1mdescribe `permission_roles`[0m
  [1m[35mSQL (0.2ms)[0m  SHOW KEYS FROM `permission_roles`
  [1m[36mSQL (0.7ms)[0m  [1mdescribe `permissions`[0m
  [1m[35mSQL (0.2ms)[0m  SHOW KEYS FROM `permissions`
  [1m[36mSQL (0.6ms)[0m  [1mdescribe `roles`[0m
  [1m[35mSQL (0.4ms)[0m  SHOW KEYS FROM `roles`
  [1m[36mSQL (0.6ms)[0m  [1mdescribe `sessions`[0m
  [1m[35mSQL (0.3ms)[0m  SHOW KEYS FROM `sessions`
  [1m[36mSQL (0.6ms)[0m  [1mdescribe `settings`[0m
  [1m[35mSQL (0.4ms)[0m  SHOW KEYS FROM `settings`
  [1m[36mSQL (0.7ms)[0m  [1mdescribe `user_detail_settings`[0m
  [1m[35mSQL (0.3ms)[0m  SHOW KEYS FROM `user_detail_settings`
  [1m[36mSQL (0.6ms)[0m  [1mdescribe `user_details`[0m
  [1m[35mSQL (0.3ms)[0m  SHOW KEYS FROM `user_details`
  [1m[36mSQL (1.0ms)[0m  [1mdescribe `users`[0m
  [1m[35mSQL (0.4ms)[0m  SHOW KEYS FROM `users`
  [1m[36mSQL (0.5ms)[0m  [1mdescribe `view_components`[0m
  [1m[35mSQL (0.2ms)[0m  SHOW KEYS FROM `view_components`
  [1m[36mSQL (0.5ms)[0m  [1mdescribe `view_conditions`[0m
  [1m[35mSQL (0.2ms)[0m  SHOW KEYS FROM `view_conditions`
  [1m[36mSQL (0.5ms)[0m  [1mdescribe `view_orders`[0m
  [1m[35mSQL (0.2ms)[0m  SHOW KEYS FROM `view_orders`
