

Started POST "/sessions" for 127.0.0.1 at 2011-04-06 11:01:43 +0530
  Processing by SessionsController#create as HTML
  Parameters: {"utf8"=>"✓", "authenticity_token"=>"uVfl0EUw59t0YtNDCEDoD+G0Jtk+HzGPHzmKz+TLs4c=", "login"=>"admin", "password"=>"[FILTERED]", "commit"=>"Login"}
Redirected to http://localhost:3000/admin
Completed 302 Found in 62ms


Started GET "/admin" for 127.0.0.1 at 2011-04-06 11:01:43 +0530
  Processing by AdminController#dashboard as HTML
Rendered layouts/_dropdownmenu.erb (9.3ms)
Rendered layouts/_header.erb (14.0ms)
Rendered layouts/_nolistmenu.erb (1.3ms)
Rendered layouts/_footer.erb (3.5ms)
Rendered admin/dashboard.html.erb within layouts/application (29.2ms)
Completed 200 OK in 100ms (Views: 96.5ms | ActiveRecord: 22.4ms)


Started GET "/stylesheets/application.css?1300977544" for 127.0.0.1 at 2011-04-06 11:01:43 +0530
  Processing by DisplayController#show_model_data as CSS
  Parameters: {"1300977544"=>nil, "permalinkparent"=>"stylesheets", "permalink"=>"application"}
Redirected to http://localhost:3000/display/error_page_display
Completed 302 Found in 10ms


Started GET "/javascripts/prototype.js?1300977544" for 127.0.0.1 at 2011-04-06 11:01:43 +0530
  Processing by DisplayController#show_model_data as JS
  Parameters: {"1300977544"=>nil, "permalinkparent"=>"javascripts", "permalink"=>"prototype"}
Redirected to http://localhost:3000/display/error_page_display
Completed 302 Found in 2ms


Started GET "/stylesheets/scaffold.css?1300977544" for 127.0.0.1 at 2011-04-06 11:01:43 +0530
  Processing by DisplayController#show_model_data as CSS
  Parameters: {"1300977544"=>nil, "permalinkparent"=>"stylesheets", "permalink"=>"scaffold"}
Redirected to http://localhost:3000/display/error_page_display
Completed 302 Found in 1ms


Started GET "/javascripts/effects.js?1300977544" for 127.0.0.1 at 2011-04-06 11:01:43 +0530
  Processing by DisplayController#show_model_data as JS
  Parameters: {"1300977544"=>nil, "permalinkparent"=>"javascripts", "permalink"=>"effects"}
Redirected to http://localhost:3000/display/error_page_display
Completed 302 Found in 1ms


Started GET "/javascripts/controls.js?1300977544" for 127.0.0.1 at 2011-04-06 11:01:43 +0530
  Processing by DisplayController#show_model_data as JS
  Parameters: {"1300977544"=>nil, "permalinkparent"=>"javascripts", "permalink"=>"controls"}
Redirected to http://localhost:3000/display/error_page_display
Completed 302 Found in 5ms


Started GET "/javascripts/dragdrop.js?1300977544" for 127.0.0.1 at 2011-04-06 11:01:43 +0530
  Processing by DisplayController#show_model_data as JS
  Parameters: {"1300977544"=>nil, "permalinkparent"=>"javascripts", "permalink"=>"dragdrop"}
Redirected to http://localhost:3000/display/error_page_display
Completed 302 Found in 5ms


Started GET "/stylesheets/dropdownmenu.css?1300977544" for 127.0.0.1 at 2011-04-06 11:01:43 +0530
  Processing by DisplayController#show_model_data as CSS
  Parameters: {"1300977544"=>nil, "permalinkparent"=>"stylesheets", "permalink"=>"dropdownmenu"}
Redirected to http://localhost:3000/display/error_page_display
Completed 302 Found in 1ms


Started GET "/javascripts/application.js?1300977543" for 127.0.0.1 at 2011-04-06 11:01:43 +0530
  Processing by DisplayController#show_model_data as JS
  Parameters: {"1300977543"=>nil, "permalinkparent"=>"javascripts", "permalink"=>"application"}
Redirected to http://localhost:3000/display/error_page_display
Completed 302 Found in 1ms


Started GET "/javascripts/ckeditor/ckeditor.js?1300977543" for 127.0.0.1 at 2011-04-06 11:01:43 +0530

ActionController::RoutingError (No route matches "/javascripts/ckeditor/ckeditor.js"):
  

Rendered /usr/local/lib/ruby/gems/1.9.1/gems/actionpack-3.0.5/lib/action_dispatch/middleware/templates/rescues/routing_error.erb within rescues/layout (1.9ms)


Started GET "/javascripts/rails.js?1300977544" for 127.0.0.1 at 2011-04-06 11:01:43 +0530
  Processing by DisplayController#show_model_data as JS
  Parameters: {"1300977544"=>nil, "permalinkparent"=>"javascripts", "permalink"=>"rails"}
Redirected to http://localhost:3000/display/error_page_display
Completed 302 Found in 2ms


Started GET "/javascripts/dropdownmenu.js?1300977544" for 127.0.0.1 at 2011-04-06 11:01:43 +0530
  Processing by DisplayController#show_model_data as JS
  Parameters: {"1300977544"=>nil, "permalinkparent"=>"javascripts", "permalink"=>"dropdownmenu"}
Redirected to http://localhost:3000/display/error_page_display
Completed 302 Found in 1ms


Started GET "/display/error_page_display" for 127.0.0.1 at 2011-04-06 11:01:43 +0530
  Processing by DisplayController#error_page_display as HTML
Rendered layouts/_dropdownmenu.erb (1.4ms)
Rendered layouts/_header.erb (2.3ms)
Rendered layouts/_nolistmenu.erb (0.8ms)
Rendered layouts/_footer.erb (1.3ms)
Rendered display/error_page_display.html.erb within layouts/application (7.5ms)
Completed 200 OK in 25ms (Views: 23.6ms | ActiveRecord: 76.9ms)


Started GET "/display/error_page_display" for 127.0.0.1 at 2011-04-06 11:01:43 +0530
  Processing by DisplayController#error_page_display as HTML
Rendered layouts/_dropdownmenu.erb (1.0ms)
Rendered layouts/_header.erb (1.6ms)
Rendered layouts/_nolistmenu.erb (0.6ms)
Rendered layouts/_footer.erb (1.0ms)
Rendered display/error_page_display.html.erb within layouts/application (5.3ms)
Completed 200 OK in 6ms (Views: 5.3ms | ActiveRecord: 1.6ms)


Started GET "/javascripts/ckeditor/ckeditor.js?1300977543" for 127.0.0.1 at 2011-04-06 11:01:43 +0530

ActionController::RoutingError (No route matches "/javascripts/ckeditor/ckeditor.js"):
  

Rendered /usr/local/lib/ruby/gems/1.9.1/gems/actionpack-3.0.5/lib/action_dispatch/middleware/templates/rescues/routing_error.erb within rescues/layout (1.1ms)


Started GET "/stylesheets/dropdownmenu.css?1300977544" for 127.0.0.1 at 2011-04-06 11:01:43 +0530
  Processing by DisplayController#show_model_data as CSS
  Parameters: {"1300977544"=>nil, "permalinkparent"=>"stylesheets", "permalink"=>"dropdownmenu"}
Redirected to http://localhost:3000/display/error_page_display
Completed 302 Found in 2ms


Started GET "/display/error_page_display" for 127.0.0.1 at 2011-04-06 11:01:43 +0530
  Processing by DisplayController#error_page_display as HTML
Rendered layouts/_dropdownmenu.erb (1.8ms)
Rendered layouts/_header.erb (2.4ms)
Rendered layouts/_nolistmenu.erb (0.7ms)
Rendered layouts/_footer.erb (1.1ms)
Rendered display/error_page_display.html.erb within layouts/application (6.2ms)
Completed 200 OK in 7ms (Views: 6.2ms | ActiveRecord: 5.8ms)


Started GET "/admin" for 127.0.0.1 at 2011-04-06 11:01:48 +0530
  Processing by AdminController#dashboard as HTML
Rendered layouts/_dropdownmenu.erb (1.2ms)
Rendered layouts/_header.erb (1.9ms)
Rendered layouts/_nolistmenu.erb (0.7ms)
Rendered layouts/_footer.erb (1.2ms)
Rendered admin/dashboard.html.erb within layouts/application (8.3ms)
Completed 200 OK in 10ms (Views: 8.6ms | ActiveRecord: 2.4ms)


Started GET "/stylesheets/scaffold.css?1300977544" for 127.0.0.1 at 2011-04-06 11:01:48 +0530
  Processing by DisplayController#show_model_data as CSS
  Parameters: {"1300977544"=>nil, "permalinkparent"=>"stylesheets", "permalink"=>"scaffold"}
Redirected to http://localhost:3000/display/error_page_display
Completed 302 Found in 1ms


Started GET "/javascripts/prototype.js?1300977544" for 127.0.0.1 at 2011-04-06 11:01:48 +0530
  Processing by DisplayController#show_model_data as JS
  Parameters: {"1300977544"=>nil, "permalinkparent"=>"javascripts", "permalink"=>"prototype"}
Redirected to http://localhost:3000/display/error_page_display
Completed 302 Found in 1ms


Started GET "/stylesheets/application.css?1300977544" for 127.0.0.1 at 2011-04-06 11:01:48 +0530
  Processing by DisplayController#show_model_data as CSS
  Parameters: {"1300977544"=>nil, "permalinkparent"=>"stylesheets", "permalink"=>"application"}
Redirected to http://localhost:3000/display/error_page_display
Completed 302 Found in 1ms


Started GET "/javascripts/effects.js?1300977544" for 127.0.0.1 at 2011-04-06 11:01:48 +0530
  Processing by DisplayController#show_model_data as JS
  Parameters: {"1300977544"=>nil, "permalinkparent"=>"javascripts", "permalink"=>"effects"}
Redirected to http://localhost:3000/display/error_page_display
Completed 302 Found in 1ms


Started GET "/javascripts/controls.js?1300977544" for 127.0.0.1 at 2011-04-06 11:01:48 +0530
  Processing by DisplayController#show_model_data as JS
  Parameters: {"1300977544"=>nil, "permalinkparent"=>"javascripts", "permalink"=>"controls"}
Redirected to http://localhost:3000/display/error_page_display
Completed 302 Found in 1ms


Started GET "/javascripts/ckeditor/ckeditor.js?1300977543" for 127.0.0.1 at 2011-04-06 11:01:48 +0530

ActionController::RoutingError (No route matches "/javascripts/ckeditor/ckeditor.js"):
  

Rendered /usr/local/lib/ruby/gems/1.9.1/gems/actionpack-3.0.5/lib/action_dispatch/middleware/templates/rescues/routing_error.erb within rescues/layout (1.0ms)


Started GET "/javascripts/dragdrop.js?1300977544" for 127.0.0.1 at 2011-04-06 11:01:48 +0530
  Processing by DisplayController#show_model_data as JS
  Parameters: {"1300977544"=>nil, "permalinkparent"=>"javascripts", "permalink"=>"dragdrop"}
Redirected to http://localhost:3000/display/error_page_display
Completed 302 Found in 1ms


Started GET "/javascripts/rails.js?1300977544" for 127.0.0.1 at 2011-04-06 11:01:48 +0530
  Processing by DisplayController#show_model_data as JS
  Parameters: {"1300977544"=>nil, "permalinkparent"=>"javascripts", "permalink"=>"rails"}
Redirected to http://localhost:3000/display/error_page_display
Completed 302 Found in 1ms


Started GET "/stylesheets/dropdownmenu.css?1300977544" for 127.0.0.1 at 2011-04-06 11:01:48 +0530
  Processing by DisplayController#show_model_data as CSS
  Parameters: {"1300977544"=>nil, "permalinkparent"=>"stylesheets", "permalink"=>"dropdownmenu"}
Redirected to http://localhost:3000/display/error_page_display
Completed 302 Found in 1ms


Started GET "/javascripts/application.js?1300977543" for 127.0.0.1 at 2011-04-06 11:01:48 +0530
  Processing by DisplayController#show_model_data as JS
  Parameters: {"1300977543"=>nil, "permalinkparent"=>"javascripts", "permalink"=>"application"}
Redirected to http://localhost:3000/display/error_page_display
Completed 302 Found in 1ms


Started GET "/javascripts/dropdownmenu.js?1300977544" for 127.0.0.1 at 2011-04-06 11:01:48 +0530
  Processing by DisplayController#show_model_data as JS
  Parameters: {"1300977544"=>nil, "permalinkparent"=>"javascripts", "permalink"=>"dropdownmenu"}
Redirected to http://localhost:3000/display/error_page_display
Completed 302 Found in 1ms


Started GET "/display/error_page_display" for 127.0.0.1 at 2011-04-06 11:01:48 +0530
  Processing by DisplayController#error_page_display as HTML
Rendered layouts/_dropdownmenu.erb (1.2ms)
Rendered layouts/_header.erb (2.0ms)
Rendered layouts/_nolistmenu.erb (0.6ms)
Rendered layouts/_footer.erb (1.1ms)
Rendered display/error_page_display.html.erb within layouts/application (6.6ms)
Completed 200 OK in 7ms (Views: 6.4ms | ActiveRecord: 1.7ms)


Started GET "/display/error_page_display" for 127.0.0.1 at 2011-04-06 11:01:48 +0530
  Processing by DisplayController#error_page_display as HTML
Rendered layouts/_dropdownmenu.erb (1.1ms)
Rendered layouts/_header.erb (1.7ms)
Rendered layouts/_nolistmenu.erb (0.7ms)
Rendered layouts/_footer.erb (1.1ms)
Rendered display/error_page_display.html.erb within layouts/application (5.8ms)
Completed 200 OK in 7ms (Views: 6.1ms | ActiveRecord: 1.4ms)


Started GET "/javascripts/ckeditor/ckeditor.js?1300977543" for 127.0.0.1 at 2011-04-06 11:01:48 +0530

ActionController::RoutingError (No route matches "/javascripts/ckeditor/ckeditor.js"):
  

Rendered /usr/local/lib/ruby/gems/1.9.1/gems/actionpack-3.0.5/lib/action_dispatch/middleware/templates/rescues/routing_error.erb within rescues/layout (1.2ms)


Started GET "/stylesheets/dropdownmenu.css?1300977544" for 127.0.0.1 at 2011-04-06 11:01:48 +0530
  Processing by DisplayController#show_model_data as CSS
  Parameters: {"1300977544"=>nil, "permalinkparent"=>"stylesheets", "permalink"=>"dropdownmenu"}
Redirected to http://localhost:3000/display/error_page_display
Completed 302 Found in 1ms


Started GET "/display/error_page_display" for 127.0.0.1 at 2011-04-06 11:01:48 +0530
  Processing by DisplayController#error_page_display as HTML
Rendered layouts/_dropdownmenu.erb (1.2ms)
Rendered layouts/_header.erb (1.9ms)
Rendered layouts/_nolistmenu.erb (0.7ms)
Rendered layouts/_footer.erb (1.1ms)
Rendered display/error_page_display.html.erb within layouts/application (5.8ms)
Completed 200 OK in 7ms (Views: 5.9ms | ActiveRecord: 1.4ms)


Started GET "/admin" for 127.0.0.1 at 2011-04-06 11:01:51 +0530
  Processing by AdminController#dashboard as HTML
Rendered layouts/_dropdownmenu.erb (1.1ms)
Rendered layouts/_header.erb (2.0ms)
Rendered layouts/_nolistmenu.erb (0.7ms)
Rendered layouts/_footer.erb (1.5ms)
Rendered admin/dashboard.html.erb within layouts/application (9.1ms)
Completed 200 OK in 11ms (Views: 9.2ms | ActiveRecord: 2.8ms)


Started GET "/stylesheets/application.css?1300977544" for 127.0.0.1 at 2011-04-06 11:01:51 +0530
  Processing by DisplayController#show_model_data as CSS
  Parameters: {"1300977544"=>nil, "permalinkparent"=>"stylesheets", "permalink"=>"application"}
Redirected to http://localhost:3000/display/error_page_display
Completed 302 Found in 1ms


Started GET "/stylesheets/scaffold.css?1300977544" for 127.0.0.1 at 2011-04-06 11:01:51 +0530
  Processing by DisplayController#show_model_data as CSS
  Parameters: {"1300977544"=>nil, "permalinkparent"=>"stylesheets", "permalink"=>"scaffold"}
Redirected to http://localhost:3000/display/error_page_display
Completed 302 Found in 1ms


Started GET "/javascripts/prototype.js?1300977544" for 127.0.0.1 at 2011-04-06 11:01:51 +0530
  Processing by DisplayController#show_model_data as JS
  Parameters: {"1300977544"=>nil, "permalinkparent"=>"javascripts", "permalink"=>"prototype"}
Redirected to http://localhost:3000/display/error_page_display
Completed 302 Found in 1ms


Started GET "/display/error_page_display" for 127.0.0.1 at 2011-04-06 11:01:51 +0530
  Processing by DisplayController#error_page_display as HTML
Rendered layouts/_dropdownmenu.erb (1.4ms)
Rendered layouts/_header.erb (2.0ms)
Rendered layouts/_nolistmenu.erb (0.6ms)
Rendered layouts/_footer.erb (1.1ms)
Rendered display/error_page_display.html.erb within layouts/application (6.0ms)
Completed 200 OK in 7ms (Views: 6.1ms | ActiveRecord: 2.5ms)


Started GET "/javascripts/dragdrop.js?1300977544" for 127.0.0.1 at 2011-04-06 11:01:51 +0530
  Processing by DisplayController#show_model_data as JS
  Parameters: {"1300977544"=>nil, "permalinkparent"=>"javascripts", "permalink"=>"dragdrop"}
Redirected to http://localhost:3000/display/error_page_display
Completed 302 Found in 1ms


Started GET "/javascripts/rails.js?1300977544" for 127.0.0.1 at 2011-04-06 11:01:51 +0530
  Processing by DisplayController#show_model_data as JS
  Parameters: {"1300977544"=>nil, "permalinkparent"=>"javascripts", "permalink"=>"rails"}
Redirected to http://localhost:3000/display/error_page_display
Completed 302 Found in 1ms


Started GET "/javascripts/controls.js?1300977544" for 127.0.0.1 at 2011-04-06 11:01:51 +0530
  Processing by DisplayController#show_model_data as JS
  Parameters: {"1300977544"=>nil, "permalinkparent"=>"javascripts", "permalink"=>"controls"}
Redirected to http://localhost:3000/display/error_page_display
Completed 302 Found in 1ms


Started GET "/javascripts/application.js?1300977543" for 127.0.0.1 at 2011-04-06 11:01:51 +0530
  Processing by DisplayController#show_model_data as JS
  Parameters: {"1300977543"=>nil, "permalinkparent"=>"javascripts", "permalink"=>"application"}
Redirected to http://localhost:3000/display/error_page_display
Completed 302 Found in 1ms


Started GET "/stylesheets/dropdownmenu.css?1300977544" for 127.0.0.1 at 2011-04-06 11:01:51 +0530
  Processing by DisplayController#show_model_data as CSS
  Parameters: {"1300977544"=>nil, "permalinkparent"=>"stylesheets", "permalink"=>"dropdownmenu"}
Redirected to http://localhost:3000/display/error_page_display
Completed 302 Found in 4ms


Started GET "/javascripts/effects.js?1300977544" for 127.0.0.1 at 2011-04-06 11:01:51 +0530
  Processing by DisplayController#show_model_data as JS
  Parameters: {"1300977544"=>nil, "permalinkparent"=>"javascripts", "permalink"=>"effects"}
Redirected to http://localhost:3000/display/error_page_display
Completed 302 Found in 1ms


Started GET "/javascripts/ckeditor/ckeditor.js?1300977543" for 127.0.0.1 at 2011-04-06 11:01:51 +0530

ActionController::RoutingError (No route matches "/javascripts/ckeditor/ckeditor.js"):
  

Rendered /usr/local/lib/ruby/gems/1.9.1/gems/actionpack-3.0.5/lib/action_dispatch/middleware/templates/rescues/routing_error.erb within rescues/layout (4.7ms)


Started GET "/javascripts/dropdownmenu.js?1300977544" for 127.0.0.1 at 2011-04-06 11:01:51 +0530
  Processing by DisplayController#show_model_data as JS
  Parameters: {"1300977544"=>nil, "permalinkparent"=>"javascripts", "permalink"=>"dropdownmenu"}
Redirected to http://localhost:3000/display/error_page_display
Completed 302 Found in 1ms


Started GET "/display/error_page_display" for 127.0.0.1 at 2011-04-06 11:01:51 +0530
  Processing by DisplayController#error_page_display as HTML
Rendered layouts/_dropdownmenu.erb (1.2ms)
Rendered layouts/_header.erb (1.8ms)
Rendered layouts/_nolistmenu.erb (0.6ms)
Rendered layouts/_footer.erb (1.2ms)
Rendered display/error_page_display.html.erb within layouts/application (7.2ms)
Completed 200 OK in 8ms (Views: 7.2ms | ActiveRecord: 1.2ms)


Started GET "/display/error_page_display" for 127.0.0.1 at 2011-04-06 11:01:51 +0530
  Processing by DisplayController#error_page_display as HTML
Rendered layouts/_dropdownmenu.erb (1.5ms)
Rendered layouts/_header.erb (2.3ms)
Rendered layouts/_nolistmenu.erb (1.0ms)
Rendered layouts/_footer.erb (1.7ms)
Rendered display/error_page_display.html.erb within layouts/application (7.7ms)
Completed 200 OK in 9ms (Views: 7.5ms | ActiveRecord: 2.4ms)


Started GET "/login" for 127.0.0.1 at 2011-04-06 11:01:56 +0530
  Processing by SessionsController#new as HTML
Redirected to http://localhost:3000/admin/dashboard
Completed 302 Found in 1ms


Started GET "/admin/dashboard" for 127.0.0.1 at 2011-04-06 11:01:56 +0530
  Processing by AdminController#dashboard as HTML
Rendered layouts/_dropdownmenu.erb (1.1ms)
Rendered layouts/_header.erb (1.8ms)
Rendered layouts/_nolistmenu.erb (0.6ms)
Rendered layouts/_footer.erb (1.1ms)
Rendered admin/dashboard.html.erb within layouts/application (9.4ms)
Completed 200 OK in 11ms (Views: 7.7ms | ActiveRecord: 2.7ms)


Started GET "/stylesheets/application.css?1300977544" for 127.0.0.1 at 2011-04-06 11:01:56 +0530
  Processing by DisplayController#show_model_data as CSS
  Parameters: {"1300977544"=>nil, "permalinkparent"=>"stylesheets", "permalink"=>"application"}
Redirected to http://localhost:3000/display/error_page_display
Completed 302 Found in 1ms


Started GET "/stylesheets/scaffold.css?1300977544" for 127.0.0.1 at 2011-04-06 11:01:56 +0530
  Processing by DisplayController#show_model_data as CSS
  Parameters: {"1300977544"=>nil, "permalinkparent"=>"stylesheets", "permalink"=>"scaffold"}
Redirected to http://localhost:3000/display/error_page_display
Completed 302 Found in 1ms


Started GET "/javascripts/prototype.js?1300977544" for 127.0.0.1 at 2011-04-06 11:01:56 +0530
  Processing by DisplayController#show_model_data as JS
  Parameters: {"1300977544"=>nil, "permalinkparent"=>"javascripts", "permalink"=>"prototype"}
Redirected to http://localhost:3000/display/error_page_display
Completed 302 Found in 1ms


Started GET "/javascripts/effects.js?1300977544" for 127.0.0.1 at 2011-04-06 11:01:56 +0530
  Processing by DisplayController#show_model_data as JS
  Parameters: {"1300977544"=>nil, "permalinkparent"=>"javascripts", "permalink"=>"effects"}
Redirected to http://localhost:3000/display/error_page_display
Completed 302 Found in 3ms


Started GET "/javascripts/rails.js?1300977544" for 127.0.0.1 at 2011-04-06 11:01:56 +0530
  Processing by DisplayController#show_model_data as JS
  Parameters: {"1300977544"=>nil, "permalinkparent"=>"javascripts", "permalink"=>"rails"}
Redirected to http://localhost:3000/display/error_page_display
Completed 302 Found in 1ms


Started GET "/javascripts/controls.js?1300977544" for 127.0.0.1 at 2011-04-06 11:01:56 +0530
  Processing by DisplayController#show_model_data as JS
  Parameters: {"1300977544"=>nil, "permalinkparent"=>"javascripts", "permalink"=>"controls"}
Redirected to http://localhost:3000/display/error_page_display
Completed 302 Found in 1ms


Started GET "/javascripts/ckeditor/ckeditor.js?1300977543" for 127.0.0.1 at 2011-04-06 11:01:56 +0530

ActionController::RoutingError (No route matches "/javascripts/ckeditor/ckeditor.js"):
  

Rendered /usr/local/lib/ruby/gems/1.9.1/gems/actionpack-3.0.5/lib/action_dispatch/middleware/templates/rescues/routing_error.erb within rescues/layout (1.1ms)


Started GET "/javascripts/dragdrop.js?1300977544" for 127.0.0.1 at 2011-04-06 11:01:56 +0530
  Processing by DisplayController#show_model_data as JS
  Parameters: {"1300977544"=>nil, "permalinkparent"=>"javascripts", "permalink"=>"dragdrop"}
Redirected to http://localhost:3000/display/error_page_display
Completed 302 Found in 1ms


Started GET "/javascripts/application.js?1300977543" for 127.0.0.1 at 2011-04-06 11:01:56 +0530
  Processing by DisplayController#show_model_data as JS
  Parameters: {"1300977543"=>nil, "permalinkparent"=>"javascripts", "permalink"=>"application"}
Redirected to http://localhost:3000/display/error_page_display
Completed 302 Found in 1ms


Started GET "/stylesheets/dropdownmenu.css?1300977544" for 127.0.0.1 at 2011-04-06 11:01:56 +0530
  Processing by DisplayController#show_model_data as CSS
  Parameters: {"1300977544"=>nil, "permalinkparent"=>"stylesheets", "permalink"=>"dropdownmenu"}
Redirected to http://localhost:3000/display/error_page_display
Completed 302 Found in 1ms


Started GET "/javascripts/dropdownmenu.js?1300977544" for 127.0.0.1 at 2011-04-06 11:01:56 +0530
  Processing by DisplayController#show_model_data as JS
  Parameters: {"1300977544"=>nil, "permalinkparent"=>"javascripts", "permalink"=>"dropdownmenu"}
Redirected to http://localhost:3000/display/error_page_display
Completed 302 Found in 1ms


Started GET "/display/error_page_display" for 127.0.0.1 at 2011-04-06 11:01:56 +0530
  Processing by DisplayController#error_page_display as HTML
Rendered layouts/_dropdownmenu.erb (1.1ms)
Rendered layouts/_header.erb (1.7ms)
Rendered layouts/_nolistmenu.erb (0.8ms)
Rendered layouts/_footer.erb (3.7ms)
Rendered display/error_page_display.html.erb within layouts/application (8.3ms)
Completed 200 OK in 9ms (Views: 8.4ms | ActiveRecord: 2.7ms)


Started GET "/display/error_page_display" for 127.0.0.1 at 2011-04-06 11:01:56 +0530
  Processing by DisplayController#error_page_display as HTML
Rendered layouts/_dropdownmenu.erb (1.1ms)
Rendered layouts/_header.erb (1.8ms)
Rendered layouts/_nolistmenu.erb (0.7ms)
Rendered layouts/_footer.erb (1.3ms)
Rendered display/error_page_display.html.erb within layouts/application (6.1ms)
Completed 200 OK in 7ms (Views: 6.0ms | ActiveRecord: 1.3ms)


Started GET "/display/error_page_display" for 127.0.0.1 at 2011-04-06 11:01:56 +0530
  Processing by DisplayController#error_page_display as HTML
Rendered layouts/_dropdownmenu.erb (1.1ms)
Rendered layouts/_header.erb (1.7ms)
Rendered layouts/_nolistmenu.erb (0.6ms)
Rendered layouts/_footer.erb (1.1ms)
Rendered display/error_page_display.html.erb within layouts/application (5.7ms)
Completed 200 OK in 6ms (Views: 5.8ms | ActiveRecord: 3.1ms)


Started GET "/display/error_page_display" for 127.0.0.1 at 2011-04-06 11:01:57 +0530
  Processing by DisplayController#error_page_display as HTML
Rendered layouts/_dropdownmenu.erb (1.1ms)
Rendered layouts/_header.erb (1.9ms)
Rendered layouts/_nolistmenu.erb (0.7ms)
Rendered layouts/_footer.erb (1.1ms)
Rendered display/error_page_display.html.erb within layouts/application (7.6ms)
Completed 200 OK in 8ms (Views: 7.5ms | ActiveRecord: 2.0ms)


Started GET "/display/error_page_display" for 127.0.0.1 at 2011-04-06 11:01:57 +0530
  Processing by DisplayController#error_page_display as HTML
Rendered layouts/_dropdownmenu.erb (1.4ms)
Rendered layouts/_header.erb (2.1ms)
Rendered layouts/_nolistmenu.erb (0.6ms)
Rendered layouts/_footer.erb (1.3ms)
Rendered display/error_page_display.html.erb within layouts/application (6.5ms)
Completed 200 OK in 7ms (Views: 6.4ms | ActiveRecord: 8.2ms)


Started GET "/display/error_page_display" for 127.0.0.1 at 2011-04-06 11:01:57 +0530
  Processing by DisplayController#error_page_display as HTML
Rendered layouts/_dropdownmenu.erb (1.1ms)
Rendered layouts/_header.erb (1.8ms)
Rendered layouts/_nolistmenu.erb (0.9ms)
Rendered layouts/_footer.erb (1.4ms)
Rendered display/error_page_display.html.erb within layouts/application (6.1ms)
Completed 200 OK in 7ms (Views: 6.0ms | ActiveRecord: 11.8ms)


Started GET "/display/error_page_display" for 127.0.0.1 at 2011-04-06 11:01:57 +0530
  Processing by DisplayController#error_page_display as HTML
Rendered layouts/_dropdownmenu.erb (1.3ms)
Rendered layouts/_header.erb (5.8ms)
Rendered layouts/_nolistmenu.erb (0.6ms)
Rendered layouts/_footer.erb (1.1ms)
Rendered display/error_page_display.html.erb within layouts/application (9.7ms)
Completed 200 OK in 10ms (Views: 5.7ms | ActiveRecord: 4.7ms)


Started GET "/display/error_page_display" for 127.0.0.1 at 2011-04-06 11:01:57 +0530
  Processing by DisplayController#error_page_display as HTML
Rendered layouts/_dropdownmenu.erb (1.1ms)
Rendered layouts/_header.erb (1.7ms)
Rendered layouts/_nolistmenu.erb (0.7ms)
Rendered layouts/_footer.erb (1.1ms)
Rendered display/error_page_display.html.erb within layouts/application (7.9ms)
Completed 200 OK in 9ms (Views: 6.4ms | ActiveRecord: 2.3ms)


Started GET "/display/error_page_display" for 127.0.0.1 at 2011-04-06 11:01:57 +0530
  Processing by DisplayController#error_page_display as HTML
Rendered layouts/_dropdownmenu.erb (1.2ms)
Rendered layouts/_header.erb (1.9ms)
Rendered layouts/_nolistmenu.erb (0.6ms)
Rendered layouts/_footer.erb (1.1ms)
Rendered display/error_page_display.html.erb within layouts/application (8.4ms)
Completed 200 OK in 10ms (Views: 7.1ms | ActiveRecord: 2.6ms)


Started GET "/display/error_page_display" for 127.0.0.1 at 2011-04-06 11:01:57 +0530
  Processing by DisplayController#error_page_display as HTML
Rendered layouts/_dropdownmenu.erb (1.4ms)
Rendered layouts/_header.erb (2.1ms)
Rendered layouts/_nolistmenu.erb (0.7ms)
Rendered layouts/_footer.erb (1.3ms)
Rendered display/error_page_display.html.erb within layouts/application (6.2ms)
Completed 200 OK in 7ms (Views: 6.0ms | ActiveRecord: 0.9ms)


Started GET "/javascripts/ckeditor/ckeditor.js?1300977543" for 127.0.0.1 at 2011-04-06 11:01:57 +0530

ActionController::RoutingError (No route matches "/javascripts/ckeditor/ckeditor.js"):
  

Rendered /usr/local/lib/ruby/gems/1.9.1/gems/actionpack-3.0.5/lib/action_dispatch/middleware/templates/rescues/routing_error.erb within rescues/layout (1.1ms)


Started GET "/stylesheets/dropdownmenu.css?1300977544" for 127.0.0.1 at 2011-04-06 11:01:57 +0530
  Processing by DisplayController#show_model_data as CSS
  Parameters: {"1300977544"=>nil, "permalinkparent"=>"stylesheets", "permalink"=>"dropdownmenu"}
Redirected to http://localhost:3000/display/error_page_display
Completed 302 Found in 1ms


Started GET "/display/error_page_display" for 127.0.0.1 at 2011-04-06 11:01:57 +0530
  Processing by DisplayController#error_page_display as HTML
Rendered layouts/_dropdownmenu.erb (1.1ms)
Rendered layouts/_header.erb (1.7ms)
Rendered layouts/_nolistmenu.erb (0.6ms)
Rendered layouts/_footer.erb (1.1ms)
Rendered display/error_page_display.html.erb within layouts/application (5.4ms)
Completed 200 OK in 6ms (Views: 5.6ms | ActiveRecord: 0.7ms)


Started GET "/login" for 127.0.0.1 at 2011-04-06 11:02:14 +0530
  Processing by SessionsController#new as HTML
Redirected to http://localhost:3000/admin/dashboard
Completed 302 Found in 1ms


Started GET "/admin/dashboard" for 127.0.0.1 at 2011-04-06 11:02:14 +0530
  Processing by AdminController#dashboard as HTML
Rendered layouts/_dropdownmenu.erb (1.2ms)
Rendered layouts/_header.erb (1.8ms)
Rendered layouts/_nolistmenu.erb (0.6ms)
Rendered layouts/_footer.erb (1.1ms)
Rendered admin/dashboard.html.erb within layouts/application (7.8ms)
Completed 200 OK in 9ms (Views: 7.8ms | ActiveRecord: 0.9ms)


Started GET "/stylesheets/application.css?1300977544" for 127.0.0.1 at 2011-04-06 11:02:14 +0530
  Processing by DisplayController#show_model_data as CSS
  Parameters: {"1300977544"=>nil, "permalinkparent"=>"stylesheets", "permalink"=>"application"}
Redirected to http://localhost:3000/display/error_page_display
Completed 302 Found in 1ms


Started GET "/stylesheets/scaffold.css?1300977544" for 127.0.0.1 at 2011-04-06 11:02:14 +0530
  Processing by DisplayController#show_model_data as CSS
  Parameters: {"1300977544"=>nil, "permalinkparent"=>"stylesheets", "permalink"=>"scaffold"}
Redirected to http://localhost:3000/display/error_page_display
Completed 302 Found in 1ms


Started GET "/javascripts/prototype.js?1300977544" for 127.0.0.1 at 2011-04-06 11:02:14 +0530
  Processing by DisplayController#show_model_data as JS
  Parameters: {"1300977544"=>nil, "permalinkparent"=>"javascripts", "permalink"=>"prototype"}
Redirected to http://localhost:3000/display/error_page_display
Completed 302 Found in 1ms


Started GET "/javascripts/effects.js?1300977544" for 127.0.0.1 at 2011-04-06 11:02:14 +0530
  Processing by DisplayController#show_model_data as JS
  Parameters: {"1300977544"=>nil, "permalinkparent"=>"javascripts", "permalink"=>"effects"}
Redirected to http://localhost:3000/display/error_page_display
Completed 302 Found in 1ms


Started GET "/javascripts/dragdrop.js?1300977544" for 127.0.0.1 at 2011-04-06 11:02:14 +0530
  Processing by DisplayController#show_model_data as JS
  Parameters: {"1300977544"=>nil, "permalinkparent"=>"javascripts", "permalink"=>"dragdrop"}
Redirected to http://localhost:3000/display/error_page_display
Completed 302 Found in 1ms


Started GET "/javascripts/rails.js?1300977544" for 127.0.0.1 at 2011-04-06 11:02:14 +0530
  Processing by DisplayController#show_model_data as JS
  Parameters: {"1300977544"=>nil, "permalinkparent"=>"javascripts", "permalink"=>"rails"}
Redirected to http://localhost:3000/display/error_page_display
Completed 302 Found in 1ms


Started GET "/javascripts/ckeditor/ckeditor.js?1300977543" for 127.0.0.1 at 2011-04-06 11:02:14 +0530

ActionController::RoutingError (No route matches "/javascripts/ckeditor/ckeditor.js"):
  

Rendered /usr/local/lib/ruby/gems/1.9.1/gems/actionpack-3.0.5/lib/action_dispatch/middleware/templates/rescues/routing_error.erb within rescues/layout (1.3ms)


Started GET "/javascripts/controls.js?1300977544" for 127.0.0.1 at 2011-04-06 11:02:15 +0530
  Processing by DisplayController#show_model_data as JS
  Parameters: {"1300977544"=>nil, "permalinkparent"=>"javascripts", "permalink"=>"controls"}
Redirected to http://localhost:3000/display/error_page_display
Completed 302 Found in 1ms


Started GET "/javascripts/application.js?1300977543" for 127.0.0.1 at 2011-04-06 11:02:15 +0530
  Processing by DisplayController#show_model_data as JS
  Parameters: {"1300977543"=>nil, "permalinkparent"=>"javascripts", "permalink"=>"application"}
Redirected to http://localhost:3000/display/error_page_display
Completed 302 Found in 1ms


Started GET "/stylesheets/dropdownmenu.css?1300977544" for 127.0.0.1 at 2011-04-06 11:02:15 +0530
  Processing by DisplayController#show_model_data as CSS
  Parameters: {"1300977544"=>nil, "permalinkparent"=>"stylesheets", "permalink"=>"dropdownmenu"}
Redirected to http://localhost:3000/display/error_page_display
Completed 302 Found in 1ms


Started GET "/javascripts/dropdownmenu.js?1300977544" for 127.0.0.1 at 2011-04-06 11:02:15 +0530
  Processing by DisplayController#show_model_data as JS
  Parameters: {"1300977544"=>nil, "permalinkparent"=>"javascripts", "permalink"=>"dropdownmenu"}
Redirected to http://localhost:3000/display/error_page_display
Completed 302 Found in 1ms


Started GET "/display/error_page_display" for 127.0.0.1 at 2011-04-06 11:02:15 +0530
  Processing by DisplayController#error_page_display as HTML
Rendered layouts/_dropdownmenu.erb (1.2ms)
Rendered layouts/_header.erb (1.9ms)
Rendered layouts/_nolistmenu.erb (0.7ms)
Rendered layouts/_footer.erb (1.2ms)
Rendered display/error_page_display.html.erb within layouts/application (9.8ms)
Completed 200 OK in 11ms (Views: 10.0ms | ActiveRecord: 2.6ms)


Started GET "/javascripts/ckeditor/ckeditor.js?1300977543" for 127.0.0.1 at 2011-04-06 11:02:15 +0530

ActionController::RoutingError (No route matches "/javascripts/ckeditor/ckeditor.js"):
  

Rendered /usr/local/lib/ruby/gems/1.9.1/gems/actionpack-3.0.5/lib/action_dispatch/middleware/templates/rescues/routing_error.erb within rescues/layout (1.0ms)


Started GET "/stylesheets/dropdownmenu.css?1300977544" for 127.0.0.1 at 2011-04-06 11:02:15 +0530
  Processing by DisplayController#show_model_data as CSS
  Parameters: {"1300977544"=>nil, "permalinkparent"=>"stylesheets", "permalink"=>"dropdownmenu"}
Redirected to http://localhost:3000/display/error_page_display
Completed 302 Found in 1ms


Started GET "/display/error_page_display" for 127.0.0.1 at 2011-04-06 11:02:15 +0530
  Processing by DisplayController#error_page_display as HTML
Rendered layouts/_dropdownmenu.erb (1.1ms)
Rendered layouts/_header.erb (1.7ms)
Rendered layouts/_nolistmenu.erb (0.6ms)
Rendered layouts/_footer.erb (1.1ms)
Rendered display/error_page_display.html.erb within layouts/application (5.5ms)
Completed 200 OK in 7ms (Views: 5.7ms | ActiveRecord: 1.3ms)


Started GET "/logout" for 127.0.0.1 at 2011-04-06 11:02:17 +0530
  Processing by SessionsController#destroy as HTML
Redirected to http://localhost:3000/login
Completed 302 Found in 2ms


Started GET "/login" for 127.0.0.1 at 2011-04-06 11:02:17 +0530
  Processing by SessionsController#new as HTML
Rendered layouts/_dropdownmenu.erb (1.1ms)
Rendered layouts/_header.erb (1.6ms)
Rendered layouts/_nolistmenu.erb (0.7ms)
Rendered layouts/_footer.erb (1.2ms)
Rendered sessions/new.html.erb within layouts/application (17.0ms)
Completed 200 OK in 24ms (Views: 23.1ms | ActiveRecord: 2.5ms)


Started GET "/stylesheets/application.css?1300977544" for 127.0.0.1 at 2011-04-06 11:02:17 +0530
  Processing by DisplayController#show_model_data as CSS
  Parameters: {"1300977544"=>nil, "permalinkparent"=>"stylesheets", "permalink"=>"application"}
Redirected to http://localhost:3000/sessions/new
Completed 302 Found in 2ms


Started GET "/stylesheets/scaffold.css?1300977544" for 127.0.0.1 at 2011-04-06 11:02:17 +0530
  Processing by DisplayController#show_model_data as CSS
  Parameters: {"1300977544"=>nil, "permalinkparent"=>"stylesheets", "permalink"=>"scaffold"}
Redirected to http://localhost:3000/sessions/new
Completed 302 Found in 1ms


Started GET "/javascripts/prototype.js?1300977544" for 127.0.0.1 at 2011-04-06 11:02:17 +0530
  Processing by DisplayController#show_model_data as JS
  Parameters: {"1300977544"=>nil, "permalinkparent"=>"javascripts", "permalink"=>"prototype"}
Redirected to http://localhost:3000/sessions/new
Completed 302 Found in 1ms


Started GET "/javascripts/dragdrop.js?1300977544" for 127.0.0.1 at 2011-04-06 11:02:17 +0530
  Processing by DisplayController#show_model_data as JS
  Parameters: {"1300977544"=>nil, "permalinkparent"=>"javascripts", "permalink"=>"dragdrop"}
Redirected to http://localhost:3000/sessions/new
Completed 302 Found in 1ms


Started GET "/javascripts/effects.js?1300977544" for 127.0.0.1 at 2011-04-06 11:02:17 +0530
  Processing by DisplayController#show_model_data as JS
  Parameters: {"1300977544"=>nil, "permalinkparent"=>"javascripts", "permalink"=>"effects"}
Redirected to http://localhost:3000/sessions/new
Completed 302 Found in 1ms


Started GET "/javascripts/controls.js?1300977544" for 127.0.0.1 at 2011-04-06 11:02:17 +0530
  Processing by DisplayController#show_model_data as JS
  Parameters: {"1300977544"=>nil, "permalinkparent"=>"javascripts", "permalink"=>"controls"}
Redirected to http://localhost:3000/sessions/new
Completed 302 Found in 1ms


Started GET "/javascripts/rails.js?1300977544" for 127.0.0.1 at 2011-04-06 11:02:17 +0530
  Processing by DisplayController#show_model_data as JS
  Parameters: {"1300977544"=>nil, "permalinkparent"=>"javascripts", "permalink"=>"rails"}
Redirected to http://localhost:3000/sessions/new
Completed 302 Found in 1ms


Started GET "/javascripts/application.js?1300977543" for 127.0.0.1 at 2011-04-06 11:02:17 +0530
  Processing by DisplayController#show_model_data as JS
  Parameters: {"1300977543"=>nil, "permalinkparent"=>"javascripts", "permalink"=>"application"}
Redirected to http://localhost:3000/sessions/new
Completed 302 Found in 1ms


Started GET "/stylesheets/dropdownmenu.css?1300977544" for 127.0.0.1 at 2011-04-06 11:02:17 +0530
  Processing by DisplayController#show_model_data as CSS
  Parameters: {"1300977544"=>nil, "permalinkparent"=>"stylesheets", "permalink"=>"dropdownmenu"}
Redirected to http://localhost:3000/sessions/new
Completed 302 Found in 1ms


Started GET "/javascripts/ckeditor/ckeditor.js?1300977543" for 127.0.0.1 at 2011-04-06 11:02:17 +0530

ActionController::RoutingError (No route matches "/javascripts/ckeditor/ckeditor.js"):
  

Rendered /usr/local/lib/ruby/gems/1.9.1/gems/actionpack-3.0.5/lib/action_dispatch/middleware/templates/rescues/routing_error.erb within rescues/layout (1.1ms)


Started GET "/javascripts/dropdownmenu.js?1300977544" for 127.0.0.1 at 2011-04-06 11:02:17 +0530
  Processing by DisplayController#show_model_data as JS
  Parameters: {"1300977544"=>nil, "permalinkparent"=>"javascripts", "permalink"=>"dropdownmenu"}
Redirected to http://localhost:3000/sessions/new
Completed 302 Found in 1ms


Started GET "/sessions/new" for 127.0.0.1 at 2011-04-06 11:02:17 +0530
  Processing by SessionsController#new as HTML
Rendered layouts/_dropdownmenu.erb (1.2ms)
Rendered layouts/_header.erb (1.8ms)
Rendered layouts/_nolistmenu.erb (0.8ms)
Rendered layouts/_footer.erb (1.4ms)
Rendered sessions/new.html.erb within layouts/application (9.5ms)
Completed 200 OK in 11ms (Views: 9.2ms | ActiveRecord: 3.6ms)


Started GET "/sessions/new" for 127.0.0.1 at 2011-04-06 11:02:17 +0530
  Processing by SessionsController#new as HTML
Rendered layouts/_dropdownmenu.erb (2.1ms)
Rendered layouts/_header.erb (3.5ms)
Rendered layouts/_nolistmenu.erb (1.2ms)
Rendered layouts/_footer.erb (2.0ms)
Rendered sessions/new.html.erb within layouts/application (13.3ms)
Completed 200 OK in 14ms (Views: 12.9ms | ActiveRecord: 5.9ms)


Started GET "/sessions/new" for 127.0.0.1 at 2011-04-06 11:02:17 +0530
  Processing by SessionsController#new as HTML
Rendered layouts/_dropdownmenu.erb (1.8ms)
Rendered layouts/_header.erb (2.8ms)
Rendered layouts/_nolistmenu.erb (0.6ms)
Rendered layouts/_footer.erb (1.1ms)
Rendered sessions/new.html.erb within layouts/application (14.1ms)
Completed 200 OK in 15ms (Views: 13.7ms | ActiveRecord: 6.1ms)


Started GET "/javascripts/ckeditor/ckeditor.js?1300977543" for 127.0.0.1 at 2011-04-06 11:02:17 +0530

ActionController::RoutingError (No route matches "/javascripts/ckeditor/ckeditor.js"):
  

Rendered /usr/local/lib/ruby/gems/1.9.1/gems/actionpack-3.0.5/lib/action_dispatch/middleware/templates/rescues/routing_error.erb within rescues/layout (1.1ms)


Started GET "/stylesheets/dropdownmenu.css?1300977544" for 127.0.0.1 at 2011-04-06 11:02:17 +0530
  Processing by DisplayController#show_model_data as CSS
  Parameters: {"1300977544"=>nil, "permalinkparent"=>"stylesheets", "permalink"=>"dropdownmenu"}
Redirected to http://localhost:3000/sessions/new
Completed 302 Found in 1ms


Started GET "/sessions/new" for 127.0.0.1 at 2011-04-06 11:02:17 +0530
  Processing by SessionsController#new as HTML
Rendered layouts/_dropdownmenu.erb (3.5ms)
Rendered layouts/_header.erb (4.1ms)
Rendered layouts/_nolistmenu.erb (0.7ms)
Rendered layouts/_footer.erb (1.3ms)
Rendered sessions/new.html.erb within layouts/application (10.0ms)
Completed 200 OK in 11ms (Views: 9.7ms | ActiveRecord: 7.5ms)


Started GET "/login" for 127.0.0.1 at 2011-04-06 11:02:19 +0530
  Processing by SessionsController#new as HTML
Rendered layouts/_dropdownmenu.erb (1.3ms)
Rendered layouts/_header.erb (1.9ms)
Rendered layouts/_nolistmenu.erb (0.8ms)
Rendered layouts/_footer.erb (1.4ms)
Rendered sessions/new.html.erb within layouts/application (7.3ms)
Completed 200 OK in 8ms (Views: 7.1ms | ActiveRecord: 2.5ms)


Started GET "/stylesheets/application.css?1300977544" for 127.0.0.1 at 2011-04-06 11:02:19 +0530
  Processing by DisplayController#show_model_data as CSS
  Parameters: {"1300977544"=>nil, "permalinkparent"=>"stylesheets", "permalink"=>"application"}
Redirected to http://localhost:3000/sessions/new
Completed 302 Found in 3ms


Started GET "/javascripts/prototype.js?1300977544" for 127.0.0.1 at 2011-04-06 11:02:19 +0530
  Processing by DisplayController#show_model_data as JS
  Parameters: {"1300977544"=>nil, "permalinkparent"=>"javascripts", "permalink"=>"prototype"}
Redirected to http://localhost:3000/sessions/new
Completed 302 Found in 1ms


Started GET "/javascripts/controls.js?1300977544" for 127.0.0.1 at 2011-04-06 11:02:19 +0530
  Processing by DisplayController#show_model_data as JS
  Parameters: {"1300977544"=>nil, "permalinkparent"=>"javascripts", "permalink"=>"controls"}
Redirected to http://localhost:3000/sessions/new
Completed 302 Found in 1ms


Started GET "/javascripts/effects.js?1300977544" for 127.0.0.1 at 2011-04-06 11:02:19 +0530
  Processing by DisplayController#show_model_data as JS
  Parameters: {"1300977544"=>nil, "permalinkparent"=>"javascripts", "permalink"=>"effects"}
Redirected to http://localhost:3000/sessions/new
Completed 302 Found in 1ms


Started GET "/javascripts/dragdrop.js?1300977544" for 127.0.0.1 at 2011-04-06 11:02:19 +0530
  Processing by DisplayController#show_model_data as JS
  Parameters: {"1300977544"=>nil, "permalinkparent"=>"javascripts", "permalink"=>"dragdrop"}
Redirected to http://localhost:3000/sessions/new
Completed 302 Found in 1ms


Started GET "/stylesheets/scaffold.css?1300977544" for 127.0.0.1 at 2011-04-06 11:02:19 +0530
  Processing by DisplayController#show_model_data as CSS
  Parameters: {"1300977544"=>nil, "permalinkparent"=>"stylesheets", "permalink"=>"scaffold"}
Redirected to http://localhost:3000/sessions/new
Completed 302 Found in 1ms


Started GET "/javascripts/dropdownmenu.js?1300977544" for 127.0.0.1 at 2011-04-06 11:02:19 +0530
  Processing by DisplayController#show_model_data as JS
  Parameters: {"1300977544"=>nil, "permalinkparent"=>"javascripts", "permalink"=>"dropdownmenu"}
Redirected to http://localhost:3000/sessions/new
Completed 302 Found in 1ms


Started GET "/javascripts/application.js?1300977543" for 127.0.0.1 at 2011-04-06 11:02:19 +0530
  Processing by DisplayController#show_model_data as JS
  Parameters: {"1300977543"=>nil, "permalinkparent"=>"javascripts", "permalink"=>"application"}
Redirected to http://localhost:3000/sessions/new
Completed 302 Found in 1ms


Started GET "/javascripts/rails.js?1300977544" for 127.0.0.1 at 2011-04-06 11:02:19 +0530
  Processing by DisplayController#show_model_data as JS
  Parameters: {"1300977544"=>nil, "permalinkparent"=>"javascripts", "permalink"=>"rails"}
Redirected to http://localhost:3000/sessions/new
Completed 302 Found in 1ms


Started GET "/javascripts/ckeditor/ckeditor.js?1300977543" for 127.0.0.1 at 2011-04-06 11:02:19 +0530

ActionController::RoutingError (No route matches "/javascripts/ckeditor/ckeditor.js"):
  

Rendered /usr/local/lib/ruby/gems/1.9.1/gems/actionpack-3.0.5/lib/action_dispatch/middleware/templates/rescues/routing_error.erb within rescues/layout (1.1ms)


Started GET "/stylesheets/dropdownmenu.css?1300977544" for 127.0.0.1 at 2011-04-06 11:02:19 +0530
  Processing by DisplayController#show_model_data as CSS
  Parameters: {"1300977544"=>nil, "permalinkparent"=>"stylesheets", "permalink"=>"dropdownmenu"}
Redirected to http://localhost:3000/sessions/new
Completed 302 Found in 1ms


Started GET "/sessions/new" for 127.0.0.1 at 2011-04-06 11:02:19 +0530
  Processing by SessionsController#new as HTML
Rendered layouts/_dropdownmenu.erb (1.3ms)
Rendered layouts/_header.erb (1.8ms)
Rendered layouts/_nolistmenu.erb (0.6ms)
Rendered layouts/_footer.erb (1.1ms)
Rendered sessions/new.html.erb within layouts/application (7.1ms)
Completed 200 OK in 8ms (Views: 6.9ms | ActiveRecord: 19.9ms)


Started GET "/sessions/new" for 127.0.0.1 at 2011-04-06 11:02:19 +0530
  Processing by SessionsController#new as HTML
Rendered layouts/_dropdownmenu.erb (1.5ms)
Rendered layouts/_header.erb (2.1ms)
Rendered layouts/_nolistmenu.erb (0.6ms)
Rendered layouts/_footer.erb (1.2ms)
Rendered sessions/new.html.erb within layouts/application (8.2ms)
Completed 200 OK in 9ms (Views: 7.7ms | ActiveRecord: 11.6ms)


Started GET "/sessions/new" for 127.0.0.1 at 2011-04-06 11:02:19 +0530
  Processing by SessionsController#new as HTML
Rendered layouts/_dropdownmenu.erb (1.0ms)
Rendered layouts/_header.erb (1.6ms)
Rendered layouts/_nolistmenu.erb (0.6ms)
Rendered layouts/_footer.erb (1.1ms)
Rendered sessions/new.html.erb within layouts/application (6.9ms)
Completed 200 OK in 8ms (Views: 6.7ms | ActiveRecord: 4.5ms)


Started GET "/sessions/new" for 127.0.0.1 at 2011-04-06 11:02:19 +0530
  Processing by SessionsController#new as HTML
Rendered layouts/_dropdownmenu.erb (1.5ms)
Rendered layouts/_header.erb (2.3ms)
Rendered layouts/_nolistmenu.erb (0.6ms)
Rendered layouts/_footer.erb (1.1ms)
Rendered sessions/new.html.erb within layouts/application (12.4ms)
Completed 200 OK in 13ms (Views: 12.1ms | ActiveRecord: 3.4ms)


Started GET "/sessions/new" for 127.0.0.1 at 2011-04-06 11:02:19 +0530
  Processing by SessionsController#new as HTML
Rendered layouts/_dropdownmenu.erb (1.0ms)
Rendered layouts/_header.erb (1.5ms)
Rendered layouts/_nolistmenu.erb (0.6ms)
Rendered layouts/_footer.erb (1.1ms)
Rendered sessions/new.html.erb within layouts/application (6.6ms)
Completed 200 OK in 7ms (Views: 6.4ms | ActiveRecord: 4.1ms)


Started GET "/sessions/new" for 127.0.0.1 at 2011-04-06 11:02:19 +0530
  Processing by SessionsController#new as HTML
Rendered layouts/_dropdownmenu.erb (1.0ms)
Rendered layouts/_header.erb (1.6ms)
Rendered layouts/_nolistmenu.erb (0.6ms)
Rendered layouts/_footer.erb (1.3ms)
Rendered sessions/new.html.erb within layouts/application (6.7ms)
Completed 200 OK in 7ms (Views: 6.4ms | ActiveRecord: 7.3ms)


Started GET "/sessions/new" for 127.0.0.1 at 2011-04-06 11:02:19 +0530
  Processing by SessionsController#new as HTML
Rendered layouts/_dropdownmenu.erb (1.2ms)
Rendered layouts/_header.erb (1.7ms)
Rendered layouts/_nolistmenu.erb (0.7ms)
Rendered layouts/_footer.erb (1.1ms)
Rendered sessions/new.html.erb within layouts/application (6.8ms)
Completed 200 OK in 7ms (Views: 6.6ms | ActiveRecord: 1.7ms)


Started GET "/sessions/new" for 127.0.0.1 at 2011-04-06 11:02:19 +0530
  Processing by SessionsController#new as HTML
Rendered layouts/_dropdownmenu.erb (1.6ms)
Rendered layouts/_header.erb (2.1ms)
Rendered layouts/_nolistmenu.erb (0.9ms)
Rendered layouts/_footer.erb (1.4ms)
Rendered sessions/new.html.erb within layouts/application (7.9ms)
Completed 200 OK in 9ms (Views: 6.9ms | ActiveRecord: 2.3ms)


Started GET "/sessions/new" for 127.0.0.1 at 2011-04-06 11:02:19 +0530
  Processing by SessionsController#new as HTML
Rendered layouts/_dropdownmenu.erb (1.0ms)
Rendered layouts/_header.erb (1.6ms)
Rendered layouts/_nolistmenu.erb (0.8ms)
Rendered layouts/_footer.erb (1.3ms)
Rendered sessions/new.html.erb within layouts/application (7.2ms)
Completed 200 OK in 8ms (Views: 6.9ms | ActiveRecord: 0.9ms)


Started GET "/sessions/new" for 127.0.0.1 at 2011-04-06 11:02:19 +0530
  Processing by SessionsController#new as HTML
Rendered layouts/_dropdownmenu.erb (1.2ms)
Rendered layouts/_header.erb (1.8ms)
Rendered layouts/_nolistmenu.erb (0.6ms)
Rendered layouts/_footer.erb (1.0ms)
Rendered sessions/new.html.erb within layouts/application (6.5ms)
Completed 200 OK in 7ms (Views: 6.2ms | ActiveRecord: 1.0ms)


Started GET "/javascripts/ckeditor/ckeditor.js?1300977543" for 127.0.0.1 at 2011-04-06 11:02:20 +0530

ActionController::RoutingError (No route matches "/javascripts/ckeditor/ckeditor.js"):
  

Rendered /usr/local/lib/ruby/gems/1.9.1/gems/actionpack-3.0.5/lib/action_dispatch/middleware/templates/rescues/routing_error.erb within rescues/layout (1.0ms)


Started GET "/stylesheets/dropdownmenu.css?1300977544" for 127.0.0.1 at 2011-04-06 11:02:20 +0530
  Processing by DisplayController#show_model_data as CSS
  Parameters: {"1300977544"=>nil, "permalinkparent"=>"stylesheets", "permalink"=>"dropdownmenu"}
Redirected to http://localhost:3000/sessions/new
Completed 302 Found in 1ms


Started GET "/sessions/new" for 127.0.0.1 at 2011-04-06 11:02:20 +0530
  Processing by SessionsController#new as HTML
Rendered layouts/_dropdownmenu.erb (1.1ms)
Rendered layouts/_header.erb (1.7ms)
Rendered layouts/_nolistmenu.erb (0.6ms)
Rendered layouts/_footer.erb (1.1ms)
Rendered sessions/new.html.erb within layouts/application (9.0ms)
Completed 200 OK in 10ms (Views: 7.9ms | ActiveRecord: 2.4ms)


Started GET "/users/new" for 127.0.0.1 at 2011-04-06 11:02:32 +0530
  Processing by UsersController#new as HTML
Rendered users/_form.html.erb (11.8ms)
Rendered layouts/_dropdownmenu.erb (1.3ms)
Rendered layouts/_header.erb (1.9ms)
Rendered layouts/_nolistmenu.erb (0.6ms)
Rendered layouts/_footer.erb (1.1ms)
Rendered users/new.html.erb within layouts/application (19.6ms)
Completed 200 OK in 28ms (Views: 25.1ms | ActiveRecord: 1.5ms)


Started GET "/stylesheets/application.css?1300977544" for 127.0.0.1 at 2011-04-06 11:02:32 +0530
  Processing by DisplayController#show_model_data as CSS
  Parameters: {"1300977544"=>nil, "permalinkparent"=>"stylesheets", "permalink"=>"application"}
Redirected to http://localhost:3000/sessions/new
Completed 302 Found in 1ms


Started GET "/javascripts/prototype.js?1300977544" for 127.0.0.1 at 2011-04-06 11:02:32 +0530
  Processing by DisplayController#show_model_data as JS
  Parameters: {"1300977544"=>nil, "permalinkparent"=>"javascripts", "permalink"=>"prototype"}
Redirected to http://localhost:3000/sessions/new
Completed 302 Found in 1ms


Started GET "/stylesheets/scaffold.css?1300977544" for 127.0.0.1 at 2011-04-06 11:02:32 +0530
  Processing by DisplayController#show_model_data as CSS
  Parameters: {"1300977544"=>nil, "permalinkparent"=>"stylesheets", "permalink"=>"scaffold"}
Redirected to http://localhost:3000/sessions/new
Completed 302 Found in 1ms


Started GET "/javascripts/effects.js?1300977544" for 127.0.0.1 at 2011-04-06 11:02:32 +0530
  Processing by DisplayController#show_model_data as JS
  Parameters: {"1300977544"=>nil, "permalinkparent"=>"javascripts", "permalink"=>"effects"}
Redirected to http://localhost:3000/sessions/new
Completed 302 Found in 1ms


Started GET "/javascripts/dragdrop.js?1300977544" for 127.0.0.1 at 2011-04-06 11:02:32 +0530
  Processing by DisplayController#show_model_data as JS
  Parameters: {"1300977544"=>nil, "permalinkparent"=>"javascripts", "permalink"=>"dragdrop"}
Redirected to http://localhost:3000/sessions/new
Completed 302 Found in 1ms


Started GET "/javascripts/rails.js?1300977544" for 127.0.0.1 at 2011-04-06 11:02:32 +0530
  Processing by DisplayController#show_model_data as JS
  Parameters: {"1300977544"=>nil, "permalinkparent"=>"javascripts", "permalink"=>"rails"}
Redirected to http://localhost:3000/sessions/new
Completed 302 Found in 1ms


Started GET "/javascripts/controls.js?1300977544" for 127.0.0.1 at 2011-04-06 11:02:32 +0530
  Processing by DisplayController#show_model_data as JS
  Parameters: {"1300977544"=>nil, "permalinkparent"=>"javascripts", "permalink"=>"controls"}
Redirected to http://localhost:3000/sessions/new
Completed 302 Found in 1ms


Started GET "/javascripts/ckeditor/ckeditor.js?1300977543" for 127.0.0.1 at 2011-04-06 11:02:32 +0530

ActionController::RoutingError (No route matches "/javascripts/ckeditor/ckeditor.js"):
  

Rendered /usr/local/lib/ruby/gems/1.9.1/gems/actionpack-3.0.5/lib/action_dispatch/middleware/templates/rescues/routing_error.erb within rescues/layout (1.0ms)


Started GET "/javascripts/application.js?1300977543" for 127.0.0.1 at 2011-04-06 11:02:32 +0530
  Processing by DisplayController#show_model_data as JS
  Parameters: {"1300977543"=>nil, "permalinkparent"=>"javascripts", "permalink"=>"application"}
Redirected to http://localhost:3000/sessions/new
Completed 302 Found in 1ms


Started GET "/javascripts/dropdownmenu.js?1300977544" for 127.0.0.1 at 2011-04-06 11:02:32 +0530
  Processing by DisplayController#show_model_data as JS
  Parameters: {"1300977544"=>nil, "permalinkparent"=>"javascripts", "permalink"=>"dropdownmenu"}
Redirected to http://localhost:3000/sessions/new
Completed 302 Found in 1ms


Started GET "/stylesheets/dropdownmenu.css?1300977544" for 127.0.0.1 at 2011-04-06 11:02:32 +0530
  Processing by DisplayController#show_model_data as CSS
  Parameters: {"1300977544"=>nil, "permalinkparent"=>"stylesheets", "permalink"=>"dropdownmenu"}
Redirected to http://localhost:3000/sessions/new
Completed 302 Found in 1ms


Started GET "/sessions/new" for 127.0.0.1 at 2011-04-06 11:02:32 +0530
  Processing by SessionsController#new as HTML
Rendered layouts/_dropdownmenu.erb (1.2ms)
Rendered layouts/_header.erb (2.0ms)
Rendered layouts/_nolistmenu.erb (0.7ms)
Rendered layouts/_footer.erb (1.2ms)
Rendered sessions/new.html.erb within layouts/application (10.7ms)
Completed 200 OK in 12ms (Views: 10.3ms | ActiveRecord: 4.3ms)


Started GET "/sessions/new" for 127.0.0.1 at 2011-04-06 11:02:32 +0530
  Processing by SessionsController#new as HTML
Rendered layouts/_dropdownmenu.erb (4.4ms)
Rendered layouts/_header.erb (69.2ms)
Rendered layouts/_nolistmenu.erb (0.7ms)
Rendered layouts/_footer.erb (1.4ms)
Rendered sessions/new.html.erb within layouts/application (78.5ms)
Completed 200 OK in 79ms (Views: 73.8ms | ActiveRecord: 8.8ms)


Started GET "/sessions/new" for 127.0.0.1 at 2011-04-06 11:02:33 +0530
  Processing by SessionsController#new as HTML
Rendered layouts/_dropdownmenu.erb (1.0ms)
Rendered layouts/_header.erb (1.5ms)
Rendered layouts/_nolistmenu.erb (0.6ms)
Rendered layouts/_footer.erb (1.0ms)
Rendered sessions/new.html.erb within layouts/application (7.0ms)
Completed 200 OK in 8ms (Views: 6.9ms | ActiveRecord: 22.9ms)


Started GET "/javascripts/ckeditor/ckeditor.js?1300977543" for 127.0.0.1 at 2011-04-06 11:02:33 +0530

ActionController::RoutingError (No route matches "/javascripts/ckeditor/ckeditor.js"):
  

Rendered /usr/local/lib/ruby/gems/1.9.1/gems/actionpack-3.0.5/lib/action_dispatch/middleware/templates/rescues/routing_error.erb within rescues/layout (1.1ms)


Started GET "/stylesheets/dropdownmenu.css?1300977544" for 127.0.0.1 at 2011-04-06 11:02:33 +0530
  Processing by DisplayController#show_model_data as CSS
  Parameters: {"1300977544"=>nil, "permalinkparent"=>"stylesheets", "permalink"=>"dropdownmenu"}
Redirected to http://localhost:3000/sessions/new
Completed 302 Found in 1ms


Started GET "/sessions/new" for 127.0.0.1 at 2011-04-06 11:02:33 +0530
  Processing by SessionsController#new as HTML
Rendered layouts/_dropdownmenu.erb (1.3ms)
Rendered layouts/_header.erb (1.9ms)
Rendered layouts/_nolistmenu.erb (0.7ms)
Rendered layouts/_footer.erb (1.3ms)
Rendered sessions/new.html.erb within layouts/application (7.3ms)
Completed 200 OK in 8ms (Views: 7.1ms | ActiveRecord: 5.1ms)


Started POST "/users" for 127.0.0.1 at 2011-04-06 11:02:44 +0530
  Processing by UsersController#create as HTML
  Parameters: {"utf8"=>"✓", "authenticity_token"=>"uVfl0EUw59t0YtNDCEDoD+G0Jtk+HzGPHzmKz+TLs4c=", "user"=>{"login"=>"satish3", "email"=>"satishkota@heurionconsulting.com", "password"=>"[FILTERED]", "password_confirmation"=>"[FILTERED]", "role_id"=>"2"}, "commit"=>"Create User"}

Sent mail to satishkota@heurionconsulting.com (95ms)
Completed   in 265ms

ArgumentError (A sender (Return-Path, Sender or From) required to send a message):
  app/controllers/users_controller.rb:85:in `block in create'
  app/controllers/users_controller.rb:81:in `create'

Rendered /usr/local/lib/ruby/gems/1.9.1/gems/actionpack-3.0.5/lib/action_dispatch/middleware/templates/rescues/_trace.erb (1.5ms)
Rendered /usr/local/lib/ruby/gems/1.9.1/gems/actionpack-3.0.5/lib/action_dispatch/middleware/templates/rescues/_request_and_response.erb (5.7ms)
Rendered /usr/local/lib/ruby/gems/1.9.1/gems/actionpack-3.0.5/lib/action_dispatch/middleware/templates/rescues/diagnostics.erb within rescues/layout (12.0ms)


Started GET "/users/new" for 127.0.0.1 at 2011-04-06 11:14:19 +0530
  Processing by UsersController#new as HTML
Rendered users/_form.html.erb (7.8ms)
Rendered layouts/_dropdownmenu.erb (1.1ms)
Rendered layouts/_header.erb (1.6ms)
Rendered layouts/_nolistmenu.erb (0.6ms)
Rendered layouts/_footer.erb (1.1ms)
Rendered users/new.html.erb within layouts/application (13.7ms)
Completed 200 OK in 18ms (Views: 13.8ms | ActiveRecord: 2.4ms)


Started GET "/stylesheets/application.css?1300977544" for 127.0.0.1 at 2011-04-06 11:14:19 +0530
  Processing by DisplayController#show_model_data as CSS
  Parameters: {"1300977544"=>nil, "permalinkparent"=>"stylesheets", "permalink"=>"application"}
Redirected to http://localhost:3000/sessions/new
Completed 302 Found in 1ms


Started GET "/javascripts/prototype.js?1300977544" for 127.0.0.1 at 2011-04-06 11:14:19 +0530
  Processing by DisplayController#show_model_data as JS
  Parameters: {"1300977544"=>nil, "permalinkparent"=>"javascripts", "permalink"=>"prototype"}
Redirected to http://localhost:3000/sessions/new
Completed 302 Found in 1ms


Started GET "/stylesheets/scaffold.css?1300977544" for 127.0.0.1 at 2011-04-06 11:14:19 +0530
  Processing by DisplayController#show_model_data as CSS
  Parameters: {"1300977544"=>nil, "permalinkparent"=>"stylesheets", "permalink"=>"scaffold"}
Redirected to http://localhost:3000/sessions/new
Completed 302 Found in 1ms


Started GET "/javascripts/effects.js?1300977544" for 127.0.0.1 at 2011-04-06 11:14:19 +0530
  Processing by DisplayController#show_model_data as JS
  Parameters: {"1300977544"=>nil, "permalinkparent"=>"javascripts", "permalink"=>"effects"}
Redirected to http://localhost:3000/sessions/new
Completed 302 Found in 1ms


Started GET "/javascripts/dragdrop.js?1300977544" for 127.0.0.1 at 2011-04-06 11:14:19 +0530
  Processing by DisplayController#show_model_data as JS
  Parameters: {"1300977544"=>nil, "permalinkparent"=>"javascripts", "permalink"=>"dragdrop"}
Redirected to http://localhost:3000/sessions/new
Completed 302 Found in 1ms


Started GET "/javascripts/application.js?1300977543" for 127.0.0.1 at 2011-04-06 11:14:19 +0530
  Processing by DisplayController#show_model_data as JS
  Parameters: {"1300977543"=>nil, "permalinkparent"=>"javascripts", "permalink"=>"application"}
Redirected to http://localhost:3000/sessions/new
Completed 302 Found in 1ms


Started GET "/javascripts/controls.js?1300977544" for 127.0.0.1 at 2011-04-06 11:14:19 +0530
  Processing by DisplayController#show_model_data as JS
  Parameters: {"1300977544"=>nil, "permalinkparent"=>"javascripts", "permalink"=>"controls"}
Redirected to http://localhost:3000/sessions/new
Completed 302 Found in 1ms


Started GET "/javascripts/rails.js?1300977544" for 127.0.0.1 at 2011-04-06 11:14:19 +0530
  Processing by DisplayController#show_model_data as JS
  Parameters: {"1300977544"=>nil, "permalinkparent"=>"javascripts", "permalink"=>"rails"}
Redirected to http://localhost:3000/sessions/new
Completed 302 Found in 1ms


Started GET "/javascripts/ckeditor/ckeditor.js?1300977543" for 127.0.0.1 at 2011-04-06 11:14:19 +0530

ActionController::RoutingError (No route matches "/javascripts/ckeditor/ckeditor.js"):
  

Rendered /usr/local/lib/ruby/gems/1.9.1/gems/actionpack-3.0.5/lib/action_dispatch/middleware/templates/rescues/routing_error.erb within rescues/layout (1.1ms)


Started GET "/stylesheets/dropdownmenu.css?1300977544" for 127.0.0.1 at 2011-04-06 11:14:19 +0530
  Processing by DisplayController#show_model_data as CSS
  Parameters: {"1300977544"=>nil, "permalinkparent"=>"stylesheets", "permalink"=>"dropdownmenu"}
Redirected to http://localhost:3000/sessions/new
Completed 302 Found in 1ms


Started GET "/javascripts/dropdownmenu.js?1300977544" for 127.0.0.1 at 2011-04-06 11:14:19 +0530
  Processing by DisplayController#show_model_data as JS
  Parameters: {"1300977544"=>nil, "permalinkparent"=>"javascripts", "permalink"=>"dropdownmenu"}
Redirected to http://localhost:3000/sessions/new
Completed 302 Found in 1ms


Started GET "/sessions/new" for 127.0.0.1 at 2011-04-06 11:14:19 +0530
  Processing by SessionsController#new as HTML
Rendered layouts/_dropdownmenu.erb (1.1ms)
Rendered layouts/_header.erb (1.7ms)
Rendered layouts/_nolistmenu.erb (0.6ms)
Rendered layouts/_footer.erb (1.1ms)
Rendered sessions/new.html.erb within layouts/application (7.4ms)
Completed 200 OK in 8ms (Views: 7.3ms | ActiveRecord: 2.3ms)


Started GET "/javascripts/ckeditor/ckeditor.js?1300977543" for 127.0.0.1 at 2011-04-06 11:14:19 +0530

ActionController::RoutingError (No route matches "/javascripts/ckeditor/ckeditor.js"):
  

Rendered /usr/local/lib/ruby/gems/1.9.1/gems/actionpack-3.0.5/lib/action_dispatch/middleware/templates/rescues/routing_error.erb within rescues/layout (2.3ms)


Started GET "/stylesheets/dropdownmenu.css?1300977544" for 127.0.0.1 at 2011-04-06 11:14:20 +0530
  Processing by DisplayController#show_model_data as CSS
  Parameters: {"1300977544"=>nil, "permalinkparent"=>"stylesheets", "permalink"=>"dropdownmenu"}
Redirected to http://localhost:3000/sessions/new
Completed 302 Found in 1ms


Started GET "/sessions/new" for 127.0.0.1 at 2011-04-06 11:14:20 +0530
  Processing by SessionsController#new as HTML
Rendered layouts/_dropdownmenu.erb (1.1ms)
Rendered layouts/_header.erb (1.7ms)
Rendered layouts/_nolistmenu.erb (0.6ms)
Rendered layouts/_footer.erb (1.1ms)
Rendered sessions/new.html.erb within layouts/application (8.8ms)
Completed 200 OK in 13ms (Views: 7.5ms | ActiveRecord: 4.0ms)


Started GET "/sessions/new" for 127.0.0.1 at 2011-04-06 13:13:55 +0530
  Processing by SessionsController#new as HTML
Rendered layouts/_dropdownmenu.erb (8.4ms)
Rendered layouts/_header.erb (12.3ms)
Rendered layouts/_nolistmenu.erb (1.5ms)
Rendered layouts/_footer.erb (3.5ms)
Rendered sessions/new.html.erb within layouts/application (35.3ms)
Completed 200 OK in 43ms (Views: 41.5ms | ActiveRecord: 1.7ms)


Started GET "/stylesheets/application.css?1300977544" for 127.0.0.1 at 2011-04-06 13:13:55 +0530
  Processing by DisplayController#show_model_data as CSS
  Parameters: {"1300977544"=>nil, "permalinkparent"=>"stylesheets", "permalink"=>"application"}
Redirected to http://localhost:3000/sessions/new
Completed 302 Found in 2ms


Started GET "/stylesheets/scaffold.css?1300977544" for 127.0.0.1 at 2011-04-06 13:13:55 +0530
  Processing by DisplayController#show_model_data as CSS
  Parameters: {"1300977544"=>nil, "permalinkparent"=>"stylesheets", "permalink"=>"scaffold"}
Redirected to http://localhost:3000/sessions/new
Completed 302 Found in 5ms


Started GET "/javascripts/effects.js?1300977544" for 127.0.0.1 at 2011-04-06 13:13:55 +0530
  Processing by DisplayController#show_model_data as JS
  Parameters: {"1300977544"=>nil, "permalinkparent"=>"javascripts", "permalink"=>"effects"}
Redirected to http://localhost:3000/sessions/new
Completed 302 Found in 1ms


Started GET "/javascripts/prototype.js?1300977544" for 127.0.0.1 at 2011-04-06 13:13:55 +0530
  Processing by DisplayController#show_model_data as JS
  Parameters: {"1300977544"=>nil, "permalinkparent"=>"javascripts", "permalink"=>"prototype"}
Redirected to http://localhost:3000/sessions/new
Completed 302 Found in 1ms


Started GET "/javascripts/dragdrop.js?1300977544" for 127.0.0.1 at 2011-04-06 13:13:55 +0530
  Processing by DisplayController#show_model_data as JS
  Parameters: {"1300977544"=>nil, "permalinkparent"=>"javascripts", "permalink"=>"dragdrop"}
Redirected to http://localhost:3000/sessions/new
Completed 302 Found in 1ms


Started GET "/javascripts/controls.js?1300977544" for 127.0.0.1 at 2011-04-06 13:13:55 +0530
  Processing by DisplayController#show_model_data as JS
  Parameters: {"1300977544"=>nil, "permalinkparent"=>"javascripts", "permalink"=>"controls"}
Redirected to http://localhost:3000/sessions/new
Completed 302 Found in 1ms


Started GET "/javascripts/rails.js?1300977544" for 127.0.0.1 at 2011-04-06 13:13:55 +0530
  Processing by DisplayController#show_model_data as JS
  Parameters: {"1300977544"=>nil, "permalinkparent"=>"javascripts", "permalink"=>"rails"}
Redirected to http://localhost:3000/sessions/new
Completed 302 Found in 1ms


Started GET "/javascripts/application.js?1300977543" for 127.0.0.1 at 2011-04-06 13:13:55 +0530
  Processing by DisplayController#show_model_data as JS
  Parameters: {"1300977543"=>nil, "permalinkparent"=>"javascripts", "permalink"=>"application"}
Redirected to http://localhost:3000/sessions/new
Completed 302 Found in 1ms


Started GET "/javascripts/ckeditor/ckeditor.js?1300977543" for 127.0.0.1 at 2011-04-06 13:13:55 +0530

ActionController::RoutingError (No route matches "/javascripts/ckeditor/ckeditor.js"):
  

Rendered /usr/local/lib/ruby/gems/1.9.1/gems/actionpack-3.0.5/lib/action_dispatch/middleware/templates/rescues/routing_error.erb within rescues/layout (1.0ms)


Started GET "/javascripts/dropdownmenu.js?1300977544" for 127.0.0.1 at 2011-04-06 13:13:55 +0530
  Processing by DisplayController#show_model_data as JS
  Parameters: {"1300977544"=>nil, "permalinkparent"=>"javascripts", "permalink"=>"dropdownmenu"}
Redirected to http://localhost:3000/sessions/new
Completed 302 Found in 1ms


Started GET "/sessions/new" for 127.0.0.1 at 2011-04-06 13:13:55 +0530
  Processing by SessionsController#new as HTML
Rendered layouts/_dropdownmenu.erb (1.2ms)
Rendered layouts/_header.erb (1.8ms)
Rendered layouts/_nolistmenu.erb (0.6ms)
Rendered layouts/_footer.erb (1.1ms)
Rendered sessions/new.html.erb within layouts/application (7.9ms)
Completed 200 OK in 9ms (Views: 7.8ms | ActiveRecord: 2.6ms)


Started GET "/stylesheets/dropdownmenu.css?1300977544" for 127.0.0.1 at 2011-04-06 13:13:55 +0530
  Processing by DisplayController#show_model_data as CSS
  Parameters: {"1300977544"=>nil, "permalinkparent"=>"stylesheets", "permalink"=>"dropdownmenu"}
Redirected to http://localhost:3000/sessions/new
Completed 302 Found in 1ms


Started GET "/sessions/new" for 127.0.0.1 at 2011-04-06 13:13:55 +0530
  Processing by SessionsController#new as HTML
Rendered layouts/_dropdownmenu.erb (1.1ms)
Rendered layouts/_header.erb (1.6ms)
Rendered layouts/_nolistmenu.erb (0.6ms)
Rendered layouts/_footer.erb (1.1ms)
Rendered sessions/new.html.erb within layouts/application (6.9ms)
Completed 200 OK in 7ms (Views: 6.7ms | ActiveRecord: 22.6ms)


Started GET "/sessions/new" for 127.0.0.1 at 2011-04-06 13:13:55 +0530
  Processing by SessionsController#new as HTML
Rendered layouts/_dropdownmenu.erb (1.0ms)
Rendered layouts/_header.erb (1.4ms)
Rendered layouts/_nolistmenu.erb (0.6ms)
Rendered layouts/_footer.erb (1.0ms)
Rendered sessions/new.html.erb within layouts/application (6.4ms)
Completed 200 OK in 7ms (Views: 6.0ms | ActiveRecord: 4.1ms)


Started GET "/sessions/new" for 127.0.0.1 at 2011-04-06 13:13:55 +0530
  Processing by SessionsController#new as HTML
Rendered layouts/_dropdownmenu.erb (1.1ms)
Rendered layouts/_header.erb (1.6ms)
Rendered layouts/_nolistmenu.erb (0.6ms)
Rendered layouts/_footer.erb (1.0ms)
Rendered sessions/new.html.erb within layouts/application (9.8ms)
Completed 200 OK in 10ms (Views: 9.6ms | ActiveRecord: 3.7ms)


Started GET "/sessions/new" for 127.0.0.1 at 2011-04-06 13:13:55 +0530
  Processing by SessionsController#new as HTML
Rendered layouts/_dropdownmenu.erb (1.0ms)
Rendered layouts/_header.erb (1.6ms)
Rendered layouts/_nolistmenu.erb (0.6ms)
Rendered layouts/_footer.erb (1.1ms)
Rendered sessions/new.html.erb within layouts/application (9.2ms)
Completed 200 OK in 10ms (Views: 8.9ms | ActiveRecord: 3.2ms)


Started GET "/sessions/new" for 127.0.0.1 at 2011-04-06 13:13:55 +0530
  Processing by SessionsController#new as HTML
Rendered layouts/_dropdownmenu.erb (5.7ms)
Rendered layouts/_header.erb (6.3ms)
Rendered layouts/_nolistmenu.erb (0.7ms)
Rendered layouts/_footer.erb (1.4ms)
Rendered sessions/new.html.erb within layouts/application (16.2ms)
Completed 200 OK in 17ms (Views: 13.9ms | ActiveRecord: 3.8ms)


Started GET "/sessions/new" for 127.0.0.1 at 2011-04-06 13:13:55 +0530
  Processing by SessionsController#new as HTML
Rendered layouts/_dropdownmenu.erb (1.0ms)
Rendered layouts/_header.erb (1.6ms)
Rendered layouts/_nolistmenu.erb (0.6ms)
Rendered layouts/_footer.erb (1.1ms)
Rendered sessions/new.html.erb within layouts/application (6.7ms)
Completed 200 OK in 7ms (Views: 6.5ms | ActiveRecord: 3.1ms)


Started GET "/sessions/new" for 127.0.0.1 at 2011-04-06 13:13:55 +0530
  Processing by SessionsController#new as HTML
Rendered layouts/_dropdownmenu.erb (1.0ms)
Rendered layouts/_header.erb (2.1ms)
Rendered layouts/_nolistmenu.erb (0.6ms)
Rendered layouts/_footer.erb (1.2ms)
Rendered sessions/new.html.erb within layouts/application (9.5ms)
Completed 200 OK in 10ms (Views: 9.1ms | ActiveRecord: 1.7ms)


Started GET "/sessions/new" for 127.0.0.1 at 2011-04-06 13:13:55 +0530
  Processing by SessionsController#new as HTML
Rendered layouts/_dropdownmenu.erb (1.2ms)
Rendered layouts/_header.erb (1.7ms)
Rendered layouts/_nolistmenu.erb (0.6ms)
Rendered layouts/_footer.erb (1.1ms)
Rendered sessions/new.html.erb within layouts/application (7.0ms)
Completed 200 OK in 8ms (Views: 6.7ms | ActiveRecord: 0.9ms)


Started GET "/sessions/new" for 127.0.0.1 at 2011-04-06 13:13:55 +0530
  Processing by SessionsController#new as HTML
Rendered layouts/_dropdownmenu.erb (1.6ms)
Rendered layouts/_header.erb (2.1ms)
Rendered layouts/_nolistmenu.erb (0.6ms)
Rendered layouts/_footer.erb (1.1ms)
Rendered sessions/new.html.erb within layouts/application (6.9ms)
Completed 200 OK in 8ms (Views: 6.7ms | ActiveRecord: 4.3ms)


Started GET "/javascripts/ckeditor/ckeditor.js?1300977543" for 127.0.0.1 at 2011-04-06 13:13:55 +0530

ActionController::RoutingError (No route matches "/javascripts/ckeditor/ckeditor.js"):
  

Rendered /usr/local/lib/ruby/gems/1.9.1/gems/actionpack-3.0.5/lib/action_dispatch/middleware/templates/rescues/routing_error.erb within rescues/layout (1.0ms)


Started GET "/stylesheets/dropdownmenu.css?1300977544" for 127.0.0.1 at 2011-04-06 13:13:55 +0530
  Processing by DisplayController#show_model_data as CSS
  Parameters: {"1300977544"=>nil, "permalinkparent"=>"stylesheets", "permalink"=>"dropdownmenu"}
Redirected to http://localhost:3000/sessions/new
Completed 302 Found in 1ms


Started GET "/sessions/new" for 127.0.0.1 at 2011-04-06 13:13:55 +0530
  Processing by SessionsController#new as HTML
Rendered layouts/_dropdownmenu.erb (1.4ms)
Rendered layouts/_header.erb (2.0ms)
Rendered layouts/_nolistmenu.erb (0.6ms)
Rendered layouts/_footer.erb (1.1ms)
Rendered sessions/new.html.erb within layouts/application (11.1ms)
Completed 200 OK in 12ms (Views: 11.1ms | ActiveRecord: 1.5ms)
